This is pdfTeX, Version 3.14159265-2.6-1.40.15 (TeX Live 2014) (preloaded format=pdflatex 2014.5.25)  19 DEC 2015 23:11
entering extended mode
 restricted \write18 enabled.
 %&-line parsing enabled.
**mdl.tex
(./mdl.tex
LaTeX2e <2014/05/01>
Babel <3.9k> and hyphenation patterns for 78 languages loaded.
(/usr/local/texlive/2014/texmf-dist/tex/latex/base/article.cls
Document Class: article 2007/10/19 v1.4h Standard LaTeX document class
(/usr/local/texlive/2014/texmf-dist/tex/latex/base/size12.clo
File: size12.clo 2007/10/19 v1.4h Standard LaTeX file (size option)
)
\c@part=\count79
\c@section=\count80
\c@subsection=\count81
\c@subsubsection=\count82
\c@paragraph=\count83
\c@subparagraph=\count84
\c@figure=\count85
\c@table=\count86
\abovecaptionskip=\skip41
\belowcaptionskip=\skip42
\bibindent=\dimen102
)
(/usr/local/texlive/2014/texmf-dist/tex/latex/amsmath/amsmath.sty
Package: amsmath 2013/01/14 v2.14 AMS math features
\@mathmargin=\skip43

For additional information on amsmath, use the `?' option.
(/usr/local/texlive/2014/texmf-dist/tex/latex/amsmath/amstext.sty
Package: amstext 2000/06/29 v2.01

(/usr/local/texlive/2014/texmf-dist/tex/latex/amsmath/amsgen.sty
File: amsgen.sty 1999/11/30 v2.0
\@emptytoks=\toks14
\ex@=\dimen103
))
(/usr/local/texlive/2014/texmf-dist/tex/latex/amsmath/amsbsy.sty
Package: amsbsy 1999/11/29 v1.2d
\pmbraise@=\dimen104
)
(/usr/local/texlive/2014/texmf-dist/tex/latex/amsmath/amsopn.sty
Package: amsopn 1999/12/14 v2.01 operator names
)
\inf@bad=\count87
LaTeX Info: Redefining \frac on input line 210.
\uproot@=\count88
\leftroot@=\count89
LaTeX Info: Redefining \overline on input line 306.
\classnum@=\count90
\DOTSCASE@=\count91
LaTeX Info: Redefining \ldots on input line 378.
LaTeX Info: Redefining \dots on input line 381.
LaTeX Info: Redefining \cdots on input line 466.
\Mathstrutbox@=\box26
\strutbox@=\box27
\big@size=\dimen105
LaTeX Font Info:    Redeclaring font encoding OML on input line 566.
LaTeX Font Info:    Redeclaring font encoding OMS on input line 567.
\macc@depth=\count92
\c@MaxMatrixCols=\count93
\dotsspace@=\muskip10
\c@parentequation=\count94
\dspbrk@lvl=\count95
\tag@help=\toks15
\row@=\count96
\column@=\count97
\maxfields@=\count98
\andhelp@=\toks16
\eqnshift@=\dimen106
\alignsep@=\dimen107
\tagshift@=\dimen108
\tagwidth@=\dimen109
\totwidth@=\dimen110
\lineht@=\dimen111
\@envbody=\toks17
\multlinegap=\skip44
\multlinetaggap=\skip45
\mathdisplay@stack=\toks18
LaTeX Info: Redefining \[ on input line 2665.
LaTeX Info: Redefining \] on input line 2666.
)
(/usr/local/texlive/2014/texmf-dist/tex/latex/tools/bm.sty
Package: bm 2004/02/26 v1.1c Bold Symbol Support (DPC/FMi)
\symboldoperators=\mathgroup4
\symboldletters=\mathgroup5
\symboldsymbols=\mathgroup6
LaTeX Font Info:    Redeclaring math alphabet \mathbf on input line 137.
LaTeX Info: Redefining \bm on input line 203.
)
(/usr/local/texlive/2014/texmf-dist/tex/latex/geometry/geometry.sty
Package: geometry 2010/09/12 v5.6 Page Geometry

(/usr/local/texlive/2014/texmf-dist/tex/latex/graphics/keyval.sty
Package: keyval 2014/05/08 v1.15 key=value parser (DPC)
\KV@toks@=\toks19
)
(/usr/local/texlive/2014/texmf-dist/tex/generic/oberdiek/ifpdf.sty
Package: ifpdf 2011/01/30 v2.3 Provides the ifpdf switch (HO)
Package ifpdf Info: pdfTeX in PDF mode is detected.
)
(/usr/local/texlive/2014/texmf-dist/tex/generic/oberdiek/ifvtex.sty
Package: ifvtex 2010/03/01 v1.5 Detect VTeX and its facilities (HO)
Package ifvtex Info: VTeX not detected.
)
(/usr/local/texlive/2014/texmf-dist/tex/generic/ifxetex/ifxetex.sty
Package: ifxetex 2010/09/12 v0.6 Provides ifxetex conditional
)
\Gm@cnth=\count99
\Gm@cntv=\count100
\c@Gm@tempcnt=\count101
\Gm@bindingoffset=\dimen112
\Gm@wd@mp=\dimen113
\Gm@odd@mp=\dimen114
\Gm@even@mp=\dimen115
\Gm@layoutwidth=\dimen116
\Gm@layoutheight=\dimen117
\Gm@layouthoffset=\dimen118
\Gm@layoutvoffset=\dimen119
\Gm@dimlist=\toks20
)
(/usr/local/texlive/2014/texmf-dist/tex/latex/cite/cite.sty
LaTeX Info: Redefining \cite on input line 302.
LaTeX Info: Redefining \nocite on input line 373.
Package: cite 2010/09/10  v 5.3
)
(/usr/local/texlive/2014/texmf-dist/tex/latex/bbm-macros/bbm.sty
Package: bbm 1999/03/15 V 1.2 provides fonts for set symbols - TH
LaTeX Font Info:    Overwriting math alphabet `\mathbbm' in version `bold'
(Font)                  U/bbm/m/n --> U/bbm/bx/n on input line 33.
LaTeX Font Info:    Overwriting math alphabet `\mathbbmss' in version `bold'
(Font)                  U/bbmss/m/n --> U/bbmss/bx/n on input line 35.
)
(/usr/local/texlive/2014/texmf-dist/tex/latex/url/url.sty
\Urlmuskip=\muskip11
Package: url 2013/09/16  ver 3.4  Verb mode for urls, etc.
)
(/usr/local/texlive/2014/texmf-dist/tex/latex/subfigure/subfigure.sty
Package: subfigure 2002/03/15 v2.1.5 subfigure package
\subfigtopskip=\skip46
\subfigcapskip=\skip47
\subfigcaptopadj=\dimen120
\subfigbottomskip=\skip48
\subfigcapmargin=\dimen121
\subfiglabelskip=\skip49
\c@subfigure=\count102
\c@lofdepth=\count103
\c@subtable=\count104
\c@lotdepth=\count105

****************************************
* Local config file subfigure.cfg used *
****************************************
(/usr/local/texlive/2014/texmf-dist/tex/latex/subfigure/subfigure.cfg)
\subfig@top=\skip50
\subfig@bottom=\skip51
)
(/usr/local/texlive/2014/texmf-dist/tex/latex/graphics/graphicx.sty
Package: graphicx 2014/04/25 v1.0g Enhanced LaTeX Graphics (DPC,SPQR)

(/usr/local/texlive/2014/texmf-dist/tex/latex/graphics/graphics.sty
Package: graphics 2009/02/05 v1.0o Standard LaTeX Graphics (DPC,SPQR)

(/usr/local/texlive/2014/texmf-dist/tex/latex/graphics/trig.sty
Package: trig 1999/03/16 v1.09 sin cos tan (DPC)
)
(/usr/local/texlive/2014/texmf-dist/tex/latex/latexconfig/graphics.cfg
File: graphics.cfg 2010/04/23 v1.9 graphics configuration of TeX Live
)
Package graphics Info: Driver file: pdftex.def on input line 91.

(/usr/local/texlive/2014/texmf-dist/tex/latex/pdftex-def/pdftex.def
File: pdftex.def 2011/05/27 v0.06d Graphics/color for pdfTeX

(/usr/local/texlive/2014/texmf-dist/tex/generic/oberdiek/infwarerr.sty
Package: infwarerr 2010/04/08 v1.3 Providing info/warning/error messages (HO)
)
(/usr/local/texlive/2014/texmf-dist/tex/generic/oberdiek/ltxcmds.sty
Package: ltxcmds 2011/11/09 v1.22 LaTeX kernel commands for general use (HO)
)
\Gread@gobject=\count106
))
\Gin@req@height=\dimen122
\Gin@req@width=\dimen123
)
(/usr/local/texlive/2014/texmf-dist/tex/latex/amsfonts/amssymb.sty
Package: amssymb 2013/01/14 v3.01 AMS font symbols

(/usr/local/texlive/2014/texmf-dist/tex/latex/amsfonts/amsfonts.sty
Package: amsfonts 2013/01/14 v3.01 Basic AMSFonts support
\symAMSa=\mathgroup7
\symAMSb=\mathgroup8
LaTeX Font Info:    Overwriting math alphabet `\mathfrak' in version `bold'
(Font)                  U/euf/m/n --> U/euf/b/n on input line 106.
))
(/usr/local/texlive/2014/texmf-dist/tex/latex/caption/caption.sty
Package: caption 2013/05/02 v3.3-89 Customizing captions (AR)

(/usr/local/texlive/2014/texmf-dist/tex/latex/caption/caption3.sty
Package: caption3 2013/05/02 v1.6-88 caption3 kernel (AR)
Package caption3 Info: TeX engine: e-TeX on input line 57.
\captionmargin=\dimen124
\captionmargin@=\dimen125
\captionwidth=\dimen126
\caption@tempdima=\dimen127
\caption@indent=\dimen128
\caption@parindent=\dimen129
\caption@hangindent=\dimen130
)
\c@ContinuedFloat=\count107
Package caption Info: subfigure package is loaded.
)
(/usr/local/texlive/2014/texmf-dist/tex/latex/multirow/multirow.sty
\bigstrutjot=\dimen131
)
(/usr/local/texlive/2014/texmf-dist/tex/latex/preprint/authblk.sty
Package: authblk 2001/02/27 1.3 (PWD)
\affilsep=\skip52
\@affilsep=\skip53
\c@Maxaffil=\count108
\c@authors=\count109
\c@affil=\count110
)
(/usr/local/texlive/2014/texmf-dist/tex/latex/mh/mathtools.sty
Package: mathtools 2014/05/21 v1.14 mathematical typesetting tools

(/usr/local/texlive/2014/texmf-dist/tex/latex/tools/calc.sty
Package: calc 2007/08/22 v4.3 Infix arithmetic (KKT,FJ)
\calc@Acount=\count111
\calc@Bcount=\count112
\calc@Adimen=\dimen132
\calc@Bdimen=\dimen133
\calc@Askip=\skip54
\calc@Bskip=\skip55
LaTeX Info: Redefining \setlength on input line 75.
LaTeX Info: Redefining \addtolength on input line 76.
\calc@Ccount=\count113
\calc@Cskip=\skip56
)
(/usr/local/texlive/2014/texmf-dist/tex/latex/mh/mhsetup.sty
Package: mhsetup 2010/01/21 v1.2a programming setup (MH)
)
LaTeX Info: Thecontrolsequence`\['isalreadyrobust on input line 129.
LaTeX Info: Thecontrolsequence`\]'isalreadyrobust on input line 129.
\g_MT_multlinerow_int=\count114
\l_MT_multwidth_dim=\dimen134
\origjot=\skip57
\l_MT_shortvdotswithinadjustabove_dim=\dimen135
\l_MT_shortvdotswithinadjustbelow_dim=\dimen136
\l_MT_above_intertext_sep=\dimen137
\l_MT_below_intertext_sep=\dimen138
\l_MT_above_shortintertext_sep=\dimen139
\l_MT_below_shortintertext_sep=\dimen140
)
Package caption Info: We need package `newfloat' on input line 15.

(/usr/local/texlive/2014/texmf-dist/tex/latex/caption/newfloat.sty
Package: newfloat 2013/05/11 v1.1-91 Defining new floating environments (AR)
) (./mdl.aux

LaTeX Warning: Label `fig:side:a' multiply defined.


LaTeX Warning: Label `fig:side:a' multiply defined.


LaTeX Warning: Label `fig:side:a' multiply defined.


LaTeX Warning: Label `fig:side:a' multiply defined.


LaTeX Warning: Label `fig:side:a' multiply defined.


LaTeX Warning: Label `fig:side:a' multiply defined.


LaTeX Warning: Label `fig5' multiply defined.


LaTeX Warning: Label `fig:side:a' multiply defined.


LaTeX Warning: Label `fig5' multiply defined.


LaTeX Warning: Label `fig5' multiply defined.


LaTeX Warning: Label `fig:side:a' multiply defined.

)
\openout1 = `mdl.aux'.

LaTeX Font Info:    Checking defaults for OML/cmm/m/it on input line 22.
LaTeX Font Info:    ... okay on input line 22.
LaTeX Font Info:    Checking defaults for T1/cmr/m/n on input line 22.
LaTeX Font Info:    ... okay on input line 22.
LaTeX Font Info:    Checking defaults for OT1/cmr/m/n on input line 22.
LaTeX Font Info:    ... okay on input line 22.
LaTeX Font Info:    Checking defaults for OMS/cmsy/m/n on input line 22.
LaTeX Font Info:    ... okay on input line 22.
LaTeX Font Info:    Checking defaults for OMX/cmex/m/n on input line 22.
LaTeX Font Info:    ... okay on input line 22.
LaTeX Font Info:    Checking defaults for U/cmr/m/n on input line 22.
LaTeX Font Info:    ... okay on input line 22.

*geometry* driver: auto-detecting
*geometry* detected driver: pdftex
*geometry* verbose mode - [ preamble ] result:
* driver: pdftex
* paper: <default>
* layout: <same size as paper>
* layoutoffset:(h,v)=(0.0pt,0.0pt)
* modes: 
* h-part:(L,W,R)=(90.3375pt, 433.62001pt, 90.3375pt)
* v-part:(T,H,B)=(72.26999pt, 650.43001pt, 72.26999pt)
* \paperwidth=614.295pt
* \paperheight=794.96999pt
* \textwidth=433.62001pt
* \textheight=650.43001pt
* \oddsidemargin=18.0675pt
* \evensidemargin=18.0675pt
* \topmargin=-37.0pt
* \headheight=12.0pt
* \headsep=25.0pt
* \topskip=12.0pt
* \footskip=30.0pt
* \marginparwidth=44.0pt
* \marginparsep=10.0pt
* \columnsep=10.0pt
* \skip\footins=10.8pt plus 4.0pt minus 2.0pt
* \hoffset=0.0pt
* \voffset=0.0pt
* \mag=1000
* \@twocolumnfalse
* \@twosidefalse
* \@mparswitchfalse
* \@reversemarginfalse
* (1in=72.27pt=25.4mm, 1cm=28.453pt)

(/usr/local/texlive/2014/texmf-dist/tex/context/base/supp-pdf.mkii
[Loading MPS to PDF converter (version 2006.09.02).]
\scratchcounter=\count115
\scratchdimen=\dimen141
\scratchbox=\box28
\nofMPsegments=\count116
\nofMParguments=\count117
\everyMPshowfont=\toks21
\MPscratchCnt=\count118
\MPscratchDim=\dimen142
\MPnumerator=\count119
\makeMPintoPDFobject=\count120
\everyMPtoPDFconversion=\toks22
) (/usr/local/texlive/2014/texmf-dist/tex/generic/oberdiek/pdftexcmds.sty
Package: pdftexcmds 2011/11/29 v0.20 Utility functions of pdfTeX for LuaTeX (HO
)

(/usr/local/texlive/2014/texmf-dist/tex/generic/oberdiek/ifluatex.sty
Package: ifluatex 2010/03/01 v1.3 Provides the ifluatex switch (HO)
Package ifluatex Info: LuaTeX not detected.
)
Package pdftexcmds Info: LuaTeX not detected.
Package pdftexcmds Info: \pdf@primitive is available.
Package pdftexcmds Info: \pdf@ifprimitive is available.
Package pdftexcmds Info: \pdfdraftmode found.
)
(/usr/local/texlive/2014/texmf-dist/tex/latex/oberdiek/epstopdf-base.sty
Package: epstopdf-base 2010/02/09 v2.5 Base part for package epstopdf

(/usr/local/texlive/2014/texmf-dist/tex/latex/oberdiek/grfext.sty
Package: grfext 2010/08/19 v1.1 Manage graphics extensions (HO)

(/usr/local/texlive/2014/texmf-dist/tex/generic/oberdiek/kvdefinekeys.sty
Package: kvdefinekeys 2011/04/07 v1.3 Define keys (HO)
))
(/usr/local/texlive/2014/texmf-dist/tex/latex/oberdiek/kvoptions.sty
Package: kvoptions 2011/06/30 v3.11 Key value format for package options (HO)

(/usr/local/texlive/2014/texmf-dist/tex/generic/oberdiek/kvsetkeys.sty
Package: kvsetkeys 2012/04/25 v1.16 Key value parser (HO)

(/usr/local/texlive/2014/texmf-dist/tex/generic/oberdiek/etexcmds.sty
Package: etexcmds 2011/02/16 v1.5 Avoid name clashes with e-TeX commands (HO)
Package etexcmds Info: Could not find \expanded.
(etexcmds)             That can mean that you are not using pdfTeX 1.50 or
(etexcmds)             that some package has redefined \expanded.
(etexcmds)             In the latter case, load this package earlier.
)))
Package grfext Info: Graphics extension search list:
(grfext)             [.png,.pdf,.jpg,.mps,.jpeg,.jbig2,.jb2,.PNG,.PDF,.JPG,.JPE
G,.JBIG2,.JB2,.eps]
(grfext)             \AppendGraphicsExtensions on input line 452.

(/usr/local/texlive/2014/texmf-dist/tex/latex/latexconfig/epstopdf-sys.cfg
File: epstopdf-sys.cfg 2010/07/13 v1.3 Configuration of (r)epstopdf for TeX Liv
e
))
Package caption Info: Begin \AtBeginDocument code.
Package caption Info: End \AtBeginDocument code.

[1

{/usr/local/texlive/2014/texmf-var/fonts/map/pdftex/updmap/pdftex.map}]
(./mdl.toc
LaTeX Font Info:    Try loading font information for U+msa on input line 2.
 (/usr/local/texlive/2014/texmf-dist/tex/latex/amsfonts/umsa.fd
File: umsa.fd 2013/01/14 v3.01 AMS symbols A
)
LaTeX Font Info:    Try loading font information for U+msb on input line 2.

(/usr/local/texlive/2014/texmf-dist/tex/latex/amsfonts/umsb.fd
File: umsb.fd 2013/01/14 v3.01 AMS symbols B
) [2])
\tf@toc=\write3
\openout3 = `mdl.toc'.

 [3]
Underfull \hbox (badness 10000) in paragraph at lines 40--45

 []


Underfull \hbox (badness 10000) in paragraph at lines 40--45

 []


Underfull \hbox (badness 10000) in paragraph at lines 46--49

 []

[4]
Underfull \hbox (badness 10000) in paragraph at lines 53--55

 []


Underfull \hbox (badness 10000) in paragraph at lines 57--61

 []


Underfull \hbox (badness 10000) in paragraph at lines 62--64

 []

[5

]
Underfull \hbox (badness 10000) in paragraph at lines 75--80

 []


Underfull \hbox (badness 10000) in paragraph at lines 75--80

 []


Underfull \hbox (badness 10000) in paragraph at lines 82--85

 []


Underfull \hbox (badness 10000) in paragraph at lines 90--101

 []


Underfull \hbox (badness 10000) in paragraph at lines 90--101

 []


Underfull \hbox (badness 10000) in paragraph at lines 90--101

 []


Underfull \hbox (badness 10000) in paragraph at lines 90--101

 []


Underfull \hbox (badness 10000) in paragraph at lines 90--101

 []

[6] [7] <RBM.png, id=38, 537.00626pt x 181.67876pt>
File: RBM.png Graphic file (type png)
 <use RBM.png>
Package pdftex.def Info: RBM.png used on input line 107.
(pdftex.def)             Requested size: 320.42813pt x 108.405pt.

Underfull \hbox (badness 10000) in paragraph at lines 114--117

 []


Underfull \hbox (badness 10000) in paragraph at lines 125--129

 []

[8

 <./RBM.png>]
Underfull \hbox (badness 10000) in paragraph at lines 156--161

 []


Underfull \hbox (badness 10000) in paragraph at lines 170--174

 []


Underfull \hbox (badness 10000) in paragraph at lines 170--174

 []

[9]
Underfull \hbox (badness 10000) in paragraph at lines 181--186

 []


Underfull \hbox (badness 10000) in paragraph at lines 181--186

 []


Underfull \hbox (badness 10000) in paragraph at lines 188--191

 []

[10]
Underfull \hbox (badness 10000) in paragraph at lines 199--202

 []


Underfull \hbox (badness 10000) in paragraph at lines 204--207

 []


Underfull \hbox (badness 10000) in paragraph at lines 214--217

 []


Underfull \hbox (badness 10000) in paragraph at lines 229--235

 []


Underfull \hbox (badness 10000) in paragraph at lines 229--235

 []

[11]
Underfull \hbox (badness 10000) in paragraph at lines 243--247

 []


Underfull \hbox (badness 10000) in paragraph at lines 249--252

 []


Underfull \hbox (badness 10000) in paragraph at lines 257--261

 []

[12]
Underfull \hbox (badness 10000) in paragraph at lines 279--283

 []

[13]
Underfull \hbox (badness 10000) in paragraph at lines 320--351

 []


Underfull \hbox (badness 10000) in paragraph at lines 320--351

 []


Underfull \hbox (badness 10000) in paragraph at lines 320--351

 []


Underfull \hbox (badness 10000) in paragraph at lines 320--351

 []


Underfull \hbox (badness 10000) in paragraph at lines 320--351

 []


Underfull \hbox (badness 10000) in paragraph at lines 320--351

 []


Underfull \hbox (badness 10000) in paragraph at lines 320--351

 []


Underfull \hbox (badness 10000) in paragraph at lines 320--351

 []


Underfull \hbox (badness 10000) in paragraph at lines 320--351

 []


Overfull \hbox (17.58034pt too wide) in paragraph at lines 320--351
\OT1/cmr/m/n/12 classificationError e = clas-si-fyRBM(rbm, clas-si-fier, test-i
ng-Data, test-ingLabel, sigmoid$[]$t); 
 []


Underfull \hbox (badness 10000) in paragraph at lines 320--351

 []

[14] [15] <DNN.png, id=67, 366.971pt x 249.733pt>
File: DNN.png Graphic file (type png)
 <use DNN.png>
Package pdftex.def Info: DNN.png used on input line 358.
(pdftex.def)             Requested size: 339.84601pt x 231.26378pt.

Underfull \hbox (badness 10000) in paragraph at lines 361--370

 []


Underfull \hbox (badness 10000) in paragraph at lines 361--370

 []


Underfull \hbox (badness 10000) in paragraph at lines 361--370

 []


Underfull \hbox (badness 10000) in paragraph at lines 361--370

 []

[16

 <./DNN.png>]
Underfull \hbox (badness 10000) in paragraph at lines 386--394

 []


Underfull \hbox (badness 10000) in paragraph at lines 386--394

 []


Underfull \hbox (badness 10000) in paragraph at lines 395--400

 []


Underfull \hbox (badness 10000) in paragraph at lines 395--400

 []


Underfull \hbox (badness 10000) in paragraph at lines 402--406

 []

[17]
Underfull \hbox (badness 10000) in paragraph at lines 408--412

 []


Underfull \hbox (badness 10000) in paragraph at lines 415--421

 []


Underfull \hbox (badness 10000) in paragraph at lines 415--421

 []


Underfull \hbox (badness 10000) in paragraph at lines 422--441

 []


Underfull \hbox (badness 10000) in paragraph at lines 422--441

 []


Underfull \hbox (badness 10000) in paragraph at lines 422--441

 []


Underfull \hbox (badness 10000) in paragraph at lines 422--441

 []


Underfull \hbox (badness 10000) in paragraph at lines 422--441

 []


Underfull \hbox (badness 10000) in paragraph at lines 422--441

 []


Overfull \hbox (2.16068pt too wide) in paragraph at lines 422--441
\OT1/cmr/m/n/12 VI. clas-si-fi-ca-tion-Error \OT1/cmr/bx/n/12 clas-sify\OT1/cmr
/m/n/12 (dataInBatch $&$testingSet, dataIn-Batch $&$testinglabel); 
 []

[18] [19] <DBN.png, id=82, 469.755pt x 247.324pt>
File: DBN.png Graphic file (type png)
 <use DBN.png>
Package pdftex.def Info: DBN.png used on input line 448.
(pdftex.def)             Requested size: 384.35579pt x 202.35622pt.

Underfull \hbox (badness 10000) in paragraph at lines 451--453

 []


Underfull \hbox (badness 10000) in paragraph at lines 465--469

 []

[20

 <./DBN.png>]
Underfull \hbox (badness 10000) in paragraph at lines 471--475

 []


Overfull \hbox (10.40459pt too wide) detected at line 488
[] \OML/cmm/m/it/12 Q\OT1/cmr/m/n/12 (\OML/cmm/m/it/12 h\OMS/cmsy/m/n/12 j\OML/
cmm/m/it/12 x\OT1/cmr/m/n/12 ) [](\OML/cmm/m/it/12 P\OT1/cmr/m/n/12 (\OML/cmm/m
/it/12 h\OMS/cmsy/m/n/12 j\OML/cmm/m/it/12 x\OT1/cmr/m/n/12 ) + \OML/cmm/m/it/1
2 P\OT1/cmr/m/n/12 (\OML/cmm/m/it/12 x\OT1/cmr/m/n/12 )) \OMS/cmsy/m/n/12 ^^@ [
] \OML/cmm/m/it/12 Q\OT1/cmr/m/n/12 (\OML/cmm/m/it/12 h\OMS/cmsy/m/n/12 j\OML/c
mm/m/it/12 x\OT1/cmr/m/n/12 ) [] \OML/cmm/m/it/12 Q\OT1/cmr/m/n/12 (\OML/cmm/m/
it/12 h\OMS/cmsy/m/n/12 j\OML/cmm/m/it/12 x\OT1/cmr/m/n/12 ) = [] \OML/cmm/m/it
/12 P\OT1/cmr/m/n/12 (\OML/cmm/m/it/12 x\OT1/cmr/m/n/12 ) \OMS/cmsy/m/n/12 ^^@ 
\OML/cmm/m/it/12 KL\OT1/cmr/m/n/12 (\OML/cmm/m/it/12 Q\OT1/cmr/m/n/12 (\OML/cmm
/m/it/12 h\OMS/cmsy/m/n/12 j\OML/cmm/m/it/12 x\OT1/cmr/m/n/12 )\OMS/cmsy/m/n/12
 jj\OML/cmm/m/it/12 P\OT1/cmr/m/n/12 (\OML/cmm/m/it/12 h\OMS/cmsy/m/n/12 j\OML/
cmm/m/it/12 x\OT1/cmr/m/n/12 ))\OML/cmm/m/it/12 :
 []

[21]
Underfull \hbox (badness 10000) in paragraph at lines 491--495

 []

<DBNclass.png, id=90, 360.547pt x 469.755pt>
File: DBNclass.png Graphic file (type png)
 <use DBNclass.png>
Package pdftex.def Info: DBNclass.png used on input line 505.
(pdftex.def)             Requested size: 277.34145pt x 361.34999pt.

Underfull \hbox (badness 10000) in paragraph at lines 496--508

 []


Underfull \hbox (badness 10000) in paragraph at lines 496--508

 []


Underfull \hbox (badness 10000) in paragraph at lines 496--508

 []


LaTeX Warning: `h' float specifier changed to `ht'.


Underfull \hbox (badness 10000) in paragraph at lines 509--528

 []


Underfull \hbox (badness 10000) in paragraph at lines 509--528

 []


Underfull \hbox (badness 10000) in paragraph at lines 509--528

 []


Underfull \hbox (badness 10000) in paragraph at lines 509--528

 []


Overfull \hbox (21.97789pt too wide) in paragraph at lines 509--528
\OT1/cmr/m/n/12 IV. void \OT1/cmr/bx/n/12 train-With-Clas-si-fier\OT1/cmr/m/n/1
2 (dataInBatch $&$trainingData, dataIn-Batch $&$trainingLabel,
 []


Underfull \hbox (badness 10000) in paragraph at lines 509--528

 []


Underfull \hbox (badness 10000) in paragraph at lines 509--528

 []


Overfull \hbox (2.16068pt too wide) in paragraph at lines 509--528
\OT1/cmr/m/n/12 VI. clas-si-fi-ca-tion-Error \OT1/cmr/bx/n/12 clas-sify\OT1/cmr
/m/n/12 (dataInBatch $&$testingSet, dataIn-Batch $&$testinglabel); 
 []

[22] [23 <./DBNclass.png>] [24] <AE.png, id=101, 358.138pt x 305.943pt>
File: AE.png Graphic file (type png)

<use AE.png>
Package pdftex.def Info: AE.png used on input line 535.
(pdftex.def)             Requested size: 270.71768pt x 231.26378pt.

Underfull \hbox (badness 10000) in paragraph at lines 541--550

 []


Underfull \hbox (badness 10000) in paragraph at lines 541--550

 []


Underfull \hbox (badness 10000) in paragraph at lines 541--550

 []

[25

 <./AE.png>]
Underfull \hbox (badness 10000) in paragraph at lines 573--578

 []


Underfull \hbox (badness 10000) in paragraph at lines 581--586

 []


Underfull \hbox (badness 10000) in paragraph at lines 587--591

 []

[26]
Underfull \hbox (badness 10000) in paragraph at lines 609--613

 []


Underfull \hbox (badness 10000) in paragraph at lines 620--624

 []

[27]
Underfull \hbox (badness 10000) in paragraph at lines 635--637

 []


Underfull \hbox (badness 10000) in paragraph at lines 643--646

 []


Underfull \hbox (badness 10000) in paragraph at lines 648--653

 []


Underfull \hbox (badness 10000) in paragraph at lines 648--653

 []


Underfull \hbox (badness 10000) in paragraph at lines 654--676

 []


Underfull \hbox (badness 10000) in paragraph at lines 654--676

 []


Underfull \hbox (badness 10000) in paragraph at lines 654--676

 []


Underfull \hbox (badness 10000) in paragraph at lines 654--676

 []


Underfull \hbox (badness 10000) in paragraph at lines 654--676

 []


Underfull \hbox (badness 10000) in paragraph at lines 654--676

 []


Underfull \hbox (badness 10000) in paragraph at lines 654--676

 []

[28] [29] <DBM.png, id=119, 325.215pt x 249.3315pt>
File: DBM.png Graphic file (type png)
 <use DBM.png>
Package pdftex.def Info: DBM.png used on input line 683.
(pdftex.def)             Requested size: 263.94376pt x 202.35622pt.

Underfull \hbox (badness 10000) in paragraph at lines 686--688

 []


Underfull \hbox (badness 10000) in paragraph at lines 690--693

 []


Underfull \hbox (badness 10000) in paragraph at lines 698--708

 []


Underfull \hbox (badness 10000) in paragraph at lines 698--708

 []


Underfull \hbox (badness 10000) in paragraph at lines 698--708

 []


Underfull \hbox (badness 10000) in paragraph at lines 698--708

 []

[30

 <./DBM.png>]
Underfull \hbox (badness 10000) in paragraph at lines 724--730

 []

<mf1.png, id=124, 369.38pt x 481.8pt>
File: mf1.png Graphic file (type png)
 <use mf1.png>
Package pdftex.def Info: mf1.png used on input line 734.
(pdftex.def)             Requested size: 193.92175pt x 252.94499pt.

<mf2.png, id=125, 367.3725pt x 356.33125pt>
File: mf2.png Graphic file (type png)
 <use mf2.png>
Package pdftex.def Info: mf2.png used on input line 735.
(pdftex.def)             Requested size: 223.5251pt x 216.81pt.
 [31]
Underfull \hbox (badness 10000) in paragraph at lines 741--757

 []


Underfull \hbox (badness 10000) in paragraph at lines 741--757

 []


Underfull \hbox (badness 10000) in paragraph at lines 741--757

 []


Underfull \hbox (badness 10000) in paragraph at lines 741--757

 []


Underfull \hbox (badness 10000) in paragraph at lines 741--757

 []

[32 <./mf1.png> <./mf2.png>] [33]
Underfull \hbox (badness 10000) in paragraph at lines 782--785

 []

[34

] <DCCA.png, id=141, 527.571pt x 326.018pt>
File: DCCA.png Graphic file (type png)
 <use DCCA.png>
Package pdftex.def Info: DCCA.png used on input line 811.
(pdftex.def)             Requested size: 327.4529pt x 202.35622pt.

<modalPrediction1.png, id=142, 482.55281pt x 215.30438pt>
File: modalPrediction1.png Graphic file (type png)

<use modalPrediction1.png>
Package pdftex.def Info: modalPrediction1.png used on input line 817.
(pdftex.def)             Requested size: 194.37251pt x 86.72377pt.

<modalPrediction2.png, id=143, 522.753pt x 383.834pt>
File: modalPrediction2.png Graphic file (type png)

<use modalPrediction2.png>
Package pdftex.def Info: modalPrediction2.png used on input line 818.
(pdftex.def)             Requested size: 177.16733pt x 130.08621pt.
 <DBMmodals.png, id=144, 517.935pt x 312.367pt>
File: DBMmodals.png Graphic file (type png)

<use DBMmodals.png>
Package pdftex.def Info: DBMmodals.png used on input line 824.
(pdftex.def)             Requested size: 263.62964pt x 158.99377pt.


LaTeX Warning: `h' float specifier changed to `ht'.

<aemodal.png, id=145, 506.693pt x 368.577pt>
File: aemodal.png Graphic file (type png)
 <use aemodal.png>
Package pdftex.def Info: aemodal.png used on input line 834.
(pdftex.def)             Requested size: 178.83739pt x 130.08621pt.

<prediction.png, id=146, 514.723pt x 373.395pt>
File: prediction.png Graphic file (type png)
 <use prediction.png>
Package pdftex.def Info: prediction.png used on input line 835.
(pdftex.def)             Requested size: 179.32321pt x 130.08621pt.

Underfull \hbox (badness 10000) in paragraph at lines 827--839

 []


Underfull \hbox (badness 10000) in paragraph at lines 827--839

 []

[35 <./DCCA.png>] [36 <./modalPrediction1.png> <./modalPrediction2.png> <./DBMm
odals.png>] [37 <./aemodal.png> <./prediction.png>]
Underfull \hbox (badness 10000) in paragraph at lines 843--852

 []


Underfull \hbox (badness 10000) in paragraph at lines 843--852

 []


Underfull \hbox (badness 10000) in paragraph at lines 843--852

 []


Underfull \hbox (badness 10000) in paragraph at lines 853--860

 []


Underfull \hbox (badness 10000) in paragraph at lines 853--860

 []


Underfull \hbox (badness 10000) in paragraph at lines 853--860

 []


Underfull \hbox (badness 10000) in paragraph at lines 862--871

 []


Underfull \hbox (badness 10000) in paragraph at lines 862--871

 []


Underfull \hbox (badness 10000) in paragraph at lines 862--871

 []


Underfull \hbox (badness 10000) in paragraph at lines 862--871

 []

[38

]
Underfull \hbox (badness 10000) in paragraph at lines 872--887

 []


Underfull \hbox (badness 10000) in paragraph at lines 872--887

 []


Underfull \hbox (badness 10000) in paragraph at lines 872--887

 []


Underfull \hbox (badness 10000) in paragraph at lines 872--887

 []


Underfull \hbox (badness 10000) in paragraph at lines 872--887

 []


Underfull \hbox (badness 10000) in paragraph at lines 872--887

 []


Underfull \hbox (badness 10000) in paragraph at lines 872--887

 []


Underfull \hbox (badness 10000) in paragraph at lines 888--904

 []


Underfull \hbox (badness 10000) in paragraph at lines 888--904

 []


Underfull \hbox (badness 10000) in paragraph at lines 888--904

 []


Underfull \hbox (badness 10000) in paragraph at lines 888--904

 []


Underfull \hbox (badness 10000) in paragraph at lines 888--904

 []

[39]
Underfull \hbox (badness 10000) in paragraph at lines 905--926

 []


Underfull \hbox (badness 10000) in paragraph at lines 905--926

 []


Underfull \hbox (badness 10000) in paragraph at lines 905--926

 []


Underfull \hbox (badness 10000) in paragraph at lines 905--926

 []


Underfull \hbox (badness 10000) in paragraph at lines 905--926

 []


Underfull \hbox (badness 10000) in paragraph at lines 905--926

 []


Underfull \hbox (badness 10000) in paragraph at lines 905--926

 []


Underfull \hbox (badness 10000) in paragraph at lines 905--926

 []


Underfull \hbox (badness 10000) in paragraph at lines 905--926

 []


Underfull \hbox (badness 10000) in paragraph at lines 905--926

 []


Underfull \hbox (badness 10000) in paragraph at lines 905--926

 []


Overfull \hbox (12.62213pt too wide) in paragraph at lines 930--939
 [][] 
 []

[40] [41]
Underfull \hbox (badness 10000) in paragraph at lines 946--949

 []

<ae3.png, id=175, 168.63pt x 347.2975pt>
File: ae3.png Graphic file (type png)
 <use ae3.png>
Package pdftex.def Info: ae3.png used on input line 957.
(pdftex.def)             Requested size: 122.82097pt x 252.94499pt.

<ae2.png, id=176, 168.63pt x 348.30125pt>
File: ae2.png Graphic file (type png)
 <use ae2.png>
Package pdftex.def Info: ae2.png used on input line 958.
(pdftex.def)             Requested size: 122.46332pt x 252.94499pt.

Underfull \hbox (badness 10000) in paragraph at lines 950--962

 []


Underfull \hbox (badness 10000) in paragraph at lines 950--962

 []

<avletterRec.png, id=177, 323.2075pt x 123.46124pt>
File: avletterRec.png Graphic file (type png)
 <use avletterRec.png>
Package pdftex.def Info: avletterRec.png used on input line 965.
(pdftex.def)             Requested size: 245.96574pt x 93.95122pt.


LaTeX Warning: `h' float specifier changed to `ht'.

[42

] [43 <./ae3.png> <./ae2.png> <./avletterRec.png>]
Underfull \hbox (badness 10000) in paragraph at lines 974--977

 []

[44] (./mdl.bbl
Underfull \hbox (badness 1430) in paragraph at lines 73--76
\OT1/cmr/m/n/12 The "wake-sleep" al-go-rithm for un-su-per-vised neu-ral net-wo
rks.  \OT1/cmr/m/it/12 Sci-ence\OT1/cmr/m/n/12 ,
 []

[45

]) [46] (./mdl.aux)

LaTeX Warning: There were multiply-defined labels.

 ) 
Here is how much of TeX's memory you used:
 5178 strings out of 493117
 77257 string characters out of 6135433
 150554 words of memory out of 5000000
 8527 multiletter control sequences out of 15000+600000
 13380 words of font info for 49 fonts, out of 8000000 for 9000
 1141 hyphenation exceptions out of 8191
 38i,14n,38p,844b,291s stack positions out of 5000i,500n,10000p,200000b,80000s
</usr/local/texlive/2014/texmf-dist/fonts/type1/public/amsfonts/cm/cmbx12.pfb
></usr/local/texlive/2014/texmf-dist/fonts/type1/public/amsfonts/cm/cmex10.pfb>
</usr/local/texlive/2014/texmf-dist/fonts/type1/public/amsfonts/cm/cmmi12.pfb><
/usr/local/texlive/2014/texmf-dist/fonts/type1/public/amsfonts/cm/cmmi6.pfb></u
sr/local/texlive/2014/texmf-dist/fonts/type1/public/amsfonts/cm/cmmi8.pfb></usr
/local/texlive/2014/texmf-dist/fonts/type1/public/amsfonts/cm/cmr10.pfb></usr/l
ocal/texlive/2014/texmf-dist/fonts/type1/public/amsfonts/cm/cmr12.pfb></usr/loc
al/texlive/2014/texmf-dist/fonts/type1/public/amsfonts/cm/cmr17.pfb></usr/local
/texlive/2014/texmf-dist/fonts/type1/public/amsfonts/cm/cmr6.pfb></usr/local/te
xlive/2014/texmf-dist/fonts/type1/public/amsfonts/cm/cmr8.pfb></usr/local/texli
ve/2014/texmf-dist/fonts/type1/public/amsfonts/cm/cmsy10.pfb></usr/local/texliv
e/2014/texmf-dist/fonts/type1/public/amsfonts/cm/cmsy6.pfb></usr/local/texlive/
2014/texmf-dist/fonts/type1/public/amsfonts/cm/cmsy8.pfb></usr/local/texlive/20
14/texmf-dist/fonts/type1/public/amsfonts/cm/cmti12.pfb></usr/local/texlive/201
4/texmf-dist/fonts/type1/public/amsfonts/cm/cmtt12.pfb>
Output written on mdl.pdf (46 pages, 1246144 bytes).
PDF statistics:
 249 PDF objects out of 1000 (max. 8388607)
 150 compressed objects within 2 object streams
 0 named destinations out of 1000 (max. 500000)
 86 words of extra memory for PDF output out of 10000 (max. 10000000)

